Using pre-set license
Built from '2020.3/staging' branch; Version is '2020.3.10f1 (297d780c91bc) revision 2719096'; Using compiler version '192528614'; Build Type 'Release'
OS: 'Windows 10 Pro; OS build 19041.985; Version 2004; 64bit' Language: 'es' Physical Memory: 16336 MB
BatchMode: 1, IsHumanControllingUs: 0, StartBugReporterOnCrash: 0, Is64bit: 1, IsPro: 0

 COMMAND LINE ARGUMENTS:
C:\Program Files\Unity\Hub\Editor\2020.3.10f1\Editor\Unity.exe
-adb2
-batchMode
-noUpm
-name
AssetImportWorker0
-projectPath
C:/Users/Roberto/Desktop/GitHub_nueva/SQL_Database/SQLDatabase
-logFile
Logs/AssetImportWorker0.log
-srvPort
61742
Successfully changed project path to: C:/Users/Roberto/Desktop/GitHub_nueva/SQL_Database/SQLDatabase
C:/Users/Roberto/Desktop/GitHub_nueva/SQL_Database/SQLDatabase
Using Asset Import Pipeline V2.
Refreshing native plugins compatible for Editor in 33.92 ms, found 3 plugins.
Preloading 0 native plugins for Editor in 0.00 ms.
Initialize engine version: 2020.3.10f1 (297d780c91bc)
[Subsystems] Discovering subsystems at path C:/Program Files/Unity/Hub/Editor/2020.3.10f1/Editor/Data/Resources/UnitySubsystems
[Subsystems] Discovering subsystems at path C:/Users/Roberto/Desktop/GitHub_nueva/SQL_Database/SQLDatabase/Assets
GfxDevice: creating device client; threaded=0
Direct3D:
    Version:  Direct3D 11.0 [level 11.1]
    Renderer: NVIDIA GeForce GTX 1050 Ti (ID=0x1c82)
    Vendor:   
    VRAM:     4018 MB
    Driver:   27.21.14.6192
Initialize mono
Mono path[0] = 'C:/Program Files/Unity/Hub/Editor/2020.3.10f1/Editor/Data/Managed'
Mono path[1] = 'C:/Program Files/Unity/Hub/Editor/2020.3.10f1/Editor/Data/MonoBleedingEdge/lib/mono/unityjit'
Mono config path = 'C:/Program Files/Unity/Hub/Editor/2020.3.10f1/Editor/Data/MonoBleedingEdge/etc'
Using monoOptions --debugger-agent=transport=dt_socket,embedding=1,server=y,suspend=n,address=127.0.0.1:56176
Begin MonoManager ReloadAssembly
Registering precompiled unity dll's ...
Register platform support module: C:/Program Files/Unity/Hub/Editor/2020.3.10f1/Editor/Data/PlaybackEngines/WindowsStandaloneSupport/UnityEditor.WindowsStandalone.Extensions.dll
Registered in 0.003068 seconds.
Native extension for WindowsStandalone target not found
Refreshing native plugins compatible for Editor in 32.30 ms, found 3 plugins.
Preloading 0 native plugins for Editor in 0.00 ms.
Mono: successfully reloaded assembly
- Completed reload, in  2.945 seconds
Platform modules already initialized, skipping
Registering precompiled user dll's ...
Registered in 0.006384 seconds.
Begin MonoManager ReloadAssembly
Native extension for WindowsStandalone target not found
Refreshing native plugins compatible for Editor in 0.40 ms, found 3 plugins.
Preloading 0 native plugins for Editor in 0.00 ms.
Mono: successfully reloaded assembly
- Completed reload, in  1.266 seconds
Platform modules already initialized, skipping
========================================================================
Worker process is ready to serve import requests
Launched and connected shader compiler UnityShaderCompiler.exe after 0.06 seconds
Refreshing native plugins compatible for Editor in 0.53 ms, found 3 plugins.
Preloading 0 native plugins for Editor in 0.00 ms.
Unloading 1391 Unused Serialized files (Serialized files now loaded: 0)
System memory in use before: 64.8 MB.
System memory in use after: 64.9 MB.

Unloading 21 unused Assets to reduce memory usage. Loaded Objects now: 1823.
Total: 2.330300 ms (FindLiveObjects: 0.186000 ms CreateObjectMapping: 0.035600 ms MarkObjects: 1.984200 ms  DeleteObjects: 0.122100 ms)

========================================================================
Received Import Request.
  path: Assets/Scripts/SavegameManager.cs
  artifactKey: Guid(e75c9d4b023c6674ab69e1e74641270d) Importer(815301076,1909f56bfc062723c751e8b465ee728b)
Start importing Assets/Scripts/SavegameManager.cs using Guid(e75c9d4b023c6674ab69e1e74641270d) Importer(815301076,1909f56bfc062723c751e8b465ee728b)  -> (artifact id: '176a9270140940748df854497fde7f73') in 0.028574 seconds
  Import took 0.057276 seconds .

========================================================================
Received Import Request.
  Time since last request: 38.694512 seconds.
  path: Assets/Scenes/Json.unity
  artifactKey: Guid(351e11a092014e84991a8f1d2617436e) Importer(815301076,1909f56bfc062723c751e8b465ee728b)
Start importing Assets/Scenes/Json.unity using Guid(351e11a092014e84991a8f1d2617436e) Importer(815301076,1909f56bfc062723c751e8b465ee728b)  -> (artifact id: 'b0d5fabc5270437efd79d8c5fb0bee0f') in 0.021611 seconds
  Import took 0.065541 seconds .

========================================================================
Received Import Request.
  Time since last request: 58.015676 seconds.
  path: Assets/Scenes/SLQL.unity
  artifactKey: Guid(9fc0d4010bbf28b4594072e72b8655ab) Importer(815301076,1909f56bfc062723c751e8b465ee728b)
Start importing Assets/Scenes/SLQL.unity using Guid(9fc0d4010bbf28b4594072e72b8655ab) Importer(815301076,1909f56bfc062723c751e8b465ee728b)  -> (artifact id: '8077f31562fab943df0ff71f77740cca') in 0.010284 seconds
  Import took 0.029886 seconds .

========================================================================
Received Prepare
Registering precompiled user dll's ...
Registered in 0.013419 seconds.
Begin MonoManager ReloadAssembly
Native extension for WindowsStandalone target not found
Refreshing native plugins compatible for Editor in 0.38 ms, found 3 plugins.
Preloading 0 native plugins for Editor in 0.00 ms.
Mono: successfully reloaded assembly
- Completed reload, in  1.084 seconds
Platform modules already initialized, skipping
Refreshing native plugins compatible for Editor in 0.56 ms, found 3 plugins.
Preloading 0 native plugins for Editor in 0.00 ms.
Unloading 1386 Unused Serialized files (Serialized files now loaded: 0)
System memory in use before: 64.8 MB.
System memory in use after: 64.9 MB.

Unloading 16 unused Assets to reduce memory usage. Loaded Objects now: 1826.
Total: 2.088300 ms (FindLiveObjects: 0.182800 ms CreateObjectMapping: 0.041700 ms MarkObjects: 1.803700 ms  DeleteObjects: 0.058600 ms)

========================================================================
Received Prepare
Registering precompiled user dll's ...
Registered in 0.008586 seconds.
Begin MonoManager ReloadAssembly
Native extension for WindowsStandalone target not found
Refreshing native plugins compatible for Editor in 0.39 ms, found 3 plugins.
Preloading 0 native plugins for Editor in 0.00 ms.
Mono: successfully reloaded assembly
- Completed reload, in  1.101 seconds
Platform modules already initialized, skipping
Refreshing native plugins compatible for Editor in 0.55 ms, found 3 plugins.
Preloading 0 native plugins for Editor in 0.00 ms.
Unloading 1386 Unused Serialized files (Serialized files now loaded: 0)
System memory in use before: 64.8 MB.
System memory in use after: 64.9 MB.

Unloading 16 unused Assets to reduce memory usage. Loaded Objects now: 1829.
Total: 2.069200 ms (FindLiveObjects: 0.199400 ms CreateObjectMapping: 0.041400 ms MarkObjects: 1.767400 ms  DeleteObjects: 0.059500 ms)

========================================================================
Received Import Request.
  Time since last request: 981.114357 seconds.
  path: Assets/Scripts/SavegameManager.cs
  artifactKey: Guid(e75c9d4b023c6674ab69e1e74641270d) Importer(815301076,1909f56bfc062723c751e8b465ee728b)
Start importing Assets/Scripts/SavegameManager.cs using Guid(e75c9d4b023c6674ab69e1e74641270d) Importer(815301076,1909f56bfc062723c751e8b465ee728b)  -> (artifact id: '0e957f32b018e7ce6445e8625f3930b8') in 0.008138 seconds
  Import took 0.033647 seconds .

========================================================================
Received Import Request.
  Time since last request: 12.581943 seconds.
  path: Assets/Scripts/SimpleDB.cs
  artifactKey: Guid(53f96649bf83c134483089987d3c0a01) Importer(815301076,1909f56bfc062723c751e8b465ee728b)
Start importing Assets/Scripts/SimpleDB.cs using Guid(53f96649bf83c134483089987d3c0a01) Importer(815301076,1909f56bfc062723c751e8b465ee728b)  -> (artifact id: 'd97a2ee172bfedd41cc6e3f39b6f6eda') in 0.008979 seconds
  Import took 0.012176 seconds .

========================================================================
Received Prepare
Registering precompiled user dll's ...
Registered in 0.006965 seconds.
Begin MonoManager ReloadAssembly
Native extension for WindowsStandalone target not found
Refreshing native plugins compatible for Editor in 0.41 ms, found 3 plugins.
Preloading 0 native plugins for Editor in 0.00 ms.
Mono: successfully reloaded assembly
- Completed reload, in  1.119 seconds
Platform modules already initialized, skipping
Refreshing native plugins compatible for Editor in 0.59 ms, found 3 plugins.
Preloading 0 native plugins for Editor in 0.00 ms.
Unloading 1386 Unused Serialized files (Serialized files now loaded: 0)
System memory in use before: 64.8 MB.
System memory in use after: 64.9 MB.

Unloading 16 unused Assets to reduce memory usage. Loaded Objects now: 1832.
Total: 2.047000 ms (FindLiveObjects: 0.184100 ms CreateObjectMapping: 0.042800 ms MarkObjects: 1.757700 ms  DeleteObjects: 0.061000 ms)

========================================================================
Received Import Request.
  Time since last request: 139.319743 seconds.
  path: Assets/Scripts/SimpleDB.cs
  artifactKey: Guid(53f96649bf83c134483089987d3c0a01) Importer(815301076,1909f56bfc062723c751e8b465ee728b)
Start importing Assets/Scripts/SimpleDB.cs using Guid(53f96649bf83c134483089987d3c0a01) Importer(815301076,1909f56bfc062723c751e8b465ee728b)  -> (artifact id: '6af79c6e55c439ad0e9f9642d9756cf1') in 0.008756 seconds
  Import took 0.023927 seconds .

========================================================================
Received Prepare
Registering precompiled user dll's ...
Registered in 0.006411 seconds.
Begin MonoManager ReloadAssembly
Native extension for WindowsStandalone target not found
Refreshing native plugins compatible for Editor in 0.38 ms, found 3 plugins.
Preloading 0 native plugins for Editor in 0.00 ms.
Mono: successfully reloaded assembly
- Completed reload, in  1.240 seconds
Platform modules already initialized, skipping
Refreshing native plugins compatible for Editor in 0.57 ms, found 3 plugins.
Preloading 0 native plugins for Editor in 0.00 ms.
Unloading 1386 Unused Serialized files (Serialized files now loaded: 0)
System memory in use before: 64.8 MB.
System memory in use after: 64.9 MB.

Unloading 16 unused Assets to reduce memory usage. Loaded Objects now: 1835.
Total: 2.205200 ms (FindLiveObjects: 0.191900 ms CreateObjectMapping: 0.036600 ms MarkObjects: 1.907600 ms  DeleteObjects: 0.067700 ms)

========================================================================
Received Prepare
Registering precompiled user dll's ...
Registered in 0.006632 seconds.
Begin MonoManager ReloadAssembly
Native extension for WindowsStandalone target not found
Refreshing native plugins compatible for Editor in 0.39 ms, found 3 plugins.
Preloading 0 native plugins for Editor in 0.00 ms.
Mono: successfully reloaded assembly
- Completed reload, in  1.231 seconds
Platform modules already initialized, skipping
Refreshing native plugins compatible for Editor in 0.49 ms, found 3 plugins.
Preloading 0 native plugins for Editor in 0.00 ms.
Unloading 1386 Unused Serialized files (Serialized files now loaded: 0)
System memory in use before: 64.8 MB.
System memory in use after: 64.9 MB.

Unloading 16 unused Assets to reduce memory usage. Loaded Objects now: 1838.
Total: 2.146300 ms (FindLiveObjects: 0.189000 ms CreateObjectMapping: 0.036100 ms MarkObjects: 1.855300 ms  DeleteObjects: 0.064500 ms)

========================================================================
Received Import Request.
  Time since last request: 221.026819 seconds.
  path: Assets/Scripts/Armas.cs
  artifactKey: Guid(986aa3fd588f4e3459a9e8c0a0032c0d) Importer(815301076,1909f56bfc062723c751e8b465ee728b)
Start importing Assets/Scripts/Armas.cs using Guid(986aa3fd588f4e3459a9e8c0a0032c0d) Importer(815301076,1909f56bfc062723c751e8b465ee728b)  -> (artifact id: 'aa43eb91b17d15085b5e05ec5fc0a05e') in 0.008265 seconds
  Import took 0.030790 seconds .

========================================================================
Received Import Request.
  Time since last request: 93.136602 seconds.
  path: Assets/Scenes/SLQL.unity
  artifactKey: Guid(9fc0d4010bbf28b4594072e72b8655ab) Importer(815301076,1909f56bfc062723c751e8b465ee728b)
Start importing Assets/Scenes/SLQL.unity using Guid(9fc0d4010bbf28b4594072e72b8655ab) Importer(815301076,1909f56bfc062723c751e8b465ee728b)  -> (artifact id: 'ba2d3d89ec13705362e9aa4669fca9e7') in 0.011962 seconds
  Import took 0.027659 seconds .

========================================================================
Received Import Request.
  Time since last request: 11.660201 seconds.
  path: Assets/Scenes/Json.unity
  artifactKey: Guid(351e11a092014e84991a8f1d2617436e) Importer(815301076,1909f56bfc062723c751e8b465ee728b)
Start importing Assets/Scenes/Json.unity using Guid(351e11a092014e84991a8f1d2617436e) Importer(815301076,1909f56bfc062723c751e8b465ee728b)  -> (artifact id: '938de37a21d9d0380328f55fd65ca3e5') in 0.004303 seconds
  Import took 0.023210 seconds .

========================================================================
Received Prepare
Registering precompiled user dll's ...
Registered in 0.008403 seconds.
Begin MonoManager ReloadAssembly
Native extension for WindowsStandalone target not found
Refreshing native plugins compatible for Editor in 2.44 ms, found 3 plugins.
Preloading 0 native plugins for Editor in 0.00 ms.
Mono: successfully reloaded assembly
- Completed reload, in  1.444 seconds
Platform modules already initialized, skipping
Refreshing native plugins compatible for Editor in 0.51 ms, found 3 plugins.
Preloading 0 native plugins for Editor in 0.00 ms.
Unloading 1386 Unused Serialized files (Serialized files now loaded: 0)
System memory in use before: 64.9 MB.
System memory in use after: 64.9 MB.

Unloading 16 unused Assets to reduce memory usage. Loaded Objects now: 1841.
Total: 2.198400 ms (FindLiveObjects: 0.203600 ms CreateObjectMapping: 0.044800 ms MarkObjects: 1.883400 ms  DeleteObjects: 0.065000 ms)

========================================================================
Received Prepare
Registering precompiled user dll's ...
Registered in 0.006384 seconds.
Begin MonoManager ReloadAssembly
Native extension for WindowsStandalone target not found
Refreshing native plugins compatible for Editor in 0.39 ms, found 3 plugins.
Preloading 0 native plugins for Editor in 0.00 ms.
Mono: successfully reloaded assembly
- Completed reload, in  1.405 seconds
Platform modules already initialized, skipping
Refreshing native plugins compatible for Editor in 0.58 ms, found 3 plugins.
Preloading 0 native plugins for Editor in 0.00 ms.
Unloading 1386 Unused Serialized files (Serialized files now loaded: 0)
System memory in use before: 64.9 MB.
System memory in use after: 64.9 MB.

Unloading 16 unused Assets to reduce memory usage. Loaded Objects now: 1844.
Total: 2.132900 ms (FindLiveObjects: 0.205700 ms CreateObjectMapping: 0.036500 ms MarkObjects: 1.827800 ms  DeleteObjects: 0.061700 ms)

========================================================================
Received Prepare
Registering precompiled user dll's ...
Registered in 0.009231 seconds.
Begin MonoManager ReloadAssembly
Native extension for WindowsStandalone target not found
Refreshing native plugins compatible for Editor in 0.39 ms, found 3 plugins.
Preloading 0 native plugins for Editor in 0.00 ms.
Mono: successfully reloaded assembly
- Completed reload, in  1.378 seconds
Platform modules already initialized, skipping
Refreshing native plugins compatible for Editor in 0.38 ms, found 3 plugins.
Preloading 0 native plugins for Editor in 0.00 ms.
Unloading 1386 Unused Serialized files (Serialized files now loaded: 0)
System memory in use before: 64.9 MB.
System memory in use after: 65.0 MB.

Unloading 16 unused Assets to reduce memory usage. Loaded Objects now: 1847.
Total: 2.087900 ms (FindLiveObjects: 0.179100 ms CreateObjectMapping: 0.035700 ms MarkObjects: 1.810400 ms  DeleteObjects: 0.061600 ms)

========================================================================
Received Prepare
Registering precompiled user dll's ...
Registered in 0.007505 seconds.
Begin MonoManager ReloadAssembly
Native extension for WindowsStandalone target not found
Refreshing native plugins compatible for Editor in 0.46 ms, found 3 plugins.
Preloading 0 native plugins for Editor in 0.00 ms.
Mono: successfully reloaded assembly
- Completed reload, in  1.382 seconds
Platform modules already initialized, skipping
Refreshing native plugins compatible for Editor in 0.81 ms, found 3 plugins.
Preloading 0 native plugins for Editor in 0.00 ms.
Unloading 1386 Unused Serialized files (Serialized files now loaded: 0)
System memory in use before: 64.9 MB.
System memory in use after: 65.0 MB.

Unloading 16 unused Assets to reduce memory usage. Loaded Objects now: 1850.
Total: 5.363500 ms (FindLiveObjects: 0.185000 ms CreateObjectMapping: 0.035700 ms MarkObjects: 5.058800 ms  DeleteObjects: 0.082400 ms)

========================================================================
Received Import Request.
  Time since last request: 907.532633 seconds.
  path: Assets/Imagenes
  artifactKey: Guid(8daa8752baff69d4faa887a375a397c2) Importer(815301076,1909f56bfc062723c751e8b465ee728b)
Start importing Assets/Imagenes using Guid(8daa8752baff69d4faa887a375a397c2) Importer(815301076,1909f56bfc062723c751e8b465ee728b)  -> (artifact id: '497b8ca0036c835cf02eb6437eddc3e5') in 0.012528 seconds
  Import took 0.015778 seconds .

========================================================================
Received Import Request.
  Time since last request: 12.518842 seconds.
  path: Assets/Imagenes/lista.jpg
  artifactKey: Guid(8708e823183fb43418661a0e22df4b8e) Importer(815301076,1909f56bfc062723c751e8b465ee728b)
Start importing Assets/Imagenes/lista.jpg using Guid(8708e823183fb43418661a0e22df4b8e) Importer(815301076,1909f56bfc062723c751e8b465ee728b)  -> (artifact id: 'ae1bfffd97d0ebd6394810401fcf68e3') in 0.113337 seconds
  Import took 0.116683 seconds .

========================================================================
Received Import Request.
  Time since last request: 40.567327 seconds.
  path: Assets/Imagenes/lista.jpg
  artifactKey: Guid(8708e823183fb43418661a0e22df4b8e) Importer(815301076,1909f56bfc062723c751e8b465ee728b)
Start importing Assets/Imagenes/lista.jpg using Guid(8708e823183fb43418661a0e22df4b8e) Importer(815301076,1909f56bfc062723c751e8b465ee728b)  -> (artifact id: 'd0cd36edce8ed7624952a4a61db45e0c') in 0.086170 seconds
  Import took 0.108276 seconds .

========================================================================
Received Import Request.
  Time since last request: 302.954602 seconds.
  path: Assets/Imagenes/17024.jpg
  artifactKey: Guid(0f3c88df5caf969428aead54397d9739) Importer(815301076,1909f56bfc062723c751e8b465ee728b)
Start importing Assets/Imagenes/17024.jpg using Guid(0f3c88df5caf969428aead54397d9739) Importer(815301076,1909f56bfc062723c751e8b465ee728b)  -> (artifact id: 'fea20321ea9cdbdbabe82999512e10c5') in 0.024663 seconds
  Import took 0.027728 seconds .

========================================================================
Received Import Request.
  Time since last request: 0.000226 seconds.
  path: Assets/Imagenes/just chatting.png
  artifactKey: Guid(fb94f37918bdb954f942eedde85400bf) Importer(815301076,1909f56bfc062723c751e8b465ee728b)
Start importing Assets/Imagenes/just chatting.png using Guid(fb94f37918bdb954f942eedde85400bf) Importer(815301076,1909f56bfc062723c751e8b465ee728b)  -> (artifact id: 'a49fb3837ee2cc2c52d2d7c3928555be') in 0.030847 seconds
  Import took 0.033730 seconds .

========================================================================
Received Import Request.
  Time since last request: 0.000266 seconds.
  path: Assets/Imagenes/parte superior.png
  artifactKey: Guid(4e99f618b2e82804298291b6da5d88af) Importer(815301076,1909f56bfc062723c751e8b465ee728b)
Start importing Assets/Imagenes/parte superior.png using Guid(4e99f618b2e82804298291b6da5d88af) Importer(815301076,1909f56bfc062723c751e8b465ee728b)  -> (artifact id: '483ce17a0e92f09a5531a95e627cb41c') in 0.029461 seconds
  Import took 0.033048 seconds .

========================================================================
Received Import Request.
  Time since last request: 0.000181 seconds.
  path: Assets/Imagenes/inferior.png
  artifactKey: Guid(e35175ff04aadff46ad0292b08845745) Importer(815301076,1909f56bfc062723c751e8b465ee728b)
Start importing Assets/Imagenes/inferior.png using Guid(e35175ff04aadff46ad0292b08845745) Importer(815301076,1909f56bfc062723c751e8b465ee728b)  -> (artifact id: '521d40f4979c6f5fefb68dc9f6dd26e9') in 0.044415 seconds
  Import took 0.055040 seconds .

========================================================================
Received Import Request.
  Time since last request: 8.509300 seconds.
  path: Assets/Imagenes/17024.jpg
  artifactKey: Guid(0f3c88df5caf969428aead54397d9739) Importer(815301076,1909f56bfc062723c751e8b465ee728b)
Start importing Assets/Imagenes/17024.jpg using Guid(0f3c88df5caf969428aead54397d9739) Importer(815301076,1909f56bfc062723c751e8b465ee728b)  -> (artifact id: '4fb723a57e944595745719b4d591b2e1') in 0.020502 seconds
  Import took 0.037053 seconds .

========================================================================
Received Import Request.
  Time since last request: 4.084694 seconds.
  path: Assets/Imagenes/inferior.png
  artifactKey: Guid(e35175ff04aadff46ad0292b08845745) Importer(815301076,1909f56bfc062723c751e8b465ee728b)
Start importing Assets/Imagenes/inferior.png using Guid(e35175ff04aadff46ad0292b08845745) Importer(815301076,1909f56bfc062723c751e8b465ee728b)  -> (artifact id: 'f37e59bc732c4712f2e17a0028941fba') in 0.017426 seconds
  Import took 0.020590 seconds .

========================================================================
Received Import Request.
  Time since last request: 4.538618 seconds.
  path: Assets/Imagenes/just chatting.png
  artifactKey: Guid(fb94f37918bdb954f942eedde85400bf) Importer(815301076,1909f56bfc062723c751e8b465ee728b)
Start importing Assets/Imagenes/just chatting.png using Guid(fb94f37918bdb954f942eedde85400bf) Importer(815301076,1909f56bfc062723c751e8b465ee728b)  -> (artifact id: 'f8dcddb06ff00a50efb040404de8ada9') in 0.021691 seconds
  Import took 0.024930 seconds .

========================================================================
Received Import Request.
  Time since last request: 5.118340 seconds.
  path: Assets/Imagenes/parte superior.png
  artifactKey: Guid(4e99f618b2e82804298291b6da5d88af) Importer(815301076,1909f56bfc062723c751e8b465ee728b)
Start importing Assets/Imagenes/parte superior.png using Guid(4e99f618b2e82804298291b6da5d88af) Importer(815301076,1909f56bfc062723c751e8b465ee728b)  -> (artifact id: '515958ec9116d861c6a75392db78858f') in 0.021403 seconds
  Import took 0.024878 seconds .

========================================================================
Received Prepare
Registering precompiled user dll's ...
Registered in 0.007389 seconds.
Begin MonoManager ReloadAssembly
Native extension for WindowsStandalone target not found
Refreshing native plugins compatible for Editor in 0.53 ms, found 3 plugins.
Preloading 0 native plugins for Editor in 0.00 ms.
Mono: successfully reloaded assembly
- Completed reload, in  1.131 seconds
Platform modules already initialized, skipping
Refreshing native plugins compatible for Editor in 0.47 ms, found 3 plugins.
Preloading 0 native plugins for Editor in 0.00 ms.
Unloading 1386 Unused Serialized files (Serialized files now loaded: 0)
System memory in use before: 68.0 MB.
System memory in use after: 68.0 MB.

Unloading 16 unused Assets to reduce memory usage. Loaded Objects now: 1863.
Total: 2.359100 ms (FindLiveObjects: 0.315900 ms CreateObjectMapping: 0.108200 ms MarkObjects: 1.868600 ms  DeleteObjects: 0.065000 ms)

========================================================================
Received Import Request.
  Time since last request: 649.238461 seconds.
  path: Assets/Scripts/SavegameManager.cs
  artifactKey: Guid(e75c9d4b023c6674ab69e1e74641270d) Importer(815301076,1909f56bfc062723c751e8b465ee728b)
Start importing Assets/Scripts/SavegameManager.cs using Guid(e75c9d4b023c6674ab69e1e74641270d) Importer(815301076,1909f56bfc062723c751e8b465ee728b)  -> (artifact id: '5a67bdc1f07c95ee23dbb7e52aeaddc5') in 0.009521 seconds
  Import took 0.022202 seconds .

========================================================================
Received Prepare
Registering precompiled user dll's ...
Registered in 0.008037 seconds.
Begin MonoManager ReloadAssembly
Native extension for WindowsStandalone target not found
Refreshing native plugins compatible for Editor in 0.78 ms, found 3 plugins.
Preloading 0 native plugins for Editor in 0.00 ms.
Mono: successfully reloaded assembly
- Completed reload, in  1.161 seconds
Platform modules already initialized, skipping
Refreshing native plugins compatible for Editor in 0.40 ms, found 3 plugins.
Preloading 0 native plugins for Editor in 0.00 ms.
Unloading 1386 Unused Serialized files (Serialized files now loaded: 0)
System memory in use before: 68.0 MB.
System memory in use after: 68.1 MB.

Unloading 16 unused Assets to reduce memory usage. Loaded Objects now: 1866.
Total: 2.240200 ms (FindLiveObjects: 0.194700 ms CreateObjectMapping: 0.036900 ms MarkObjects: 1.939600 ms  DeleteObjects: 0.067100 ms)

========================================================================
Received Prepare
Registering precompiled user dll's ...
Registered in 0.006346 seconds.
Begin MonoManager ReloadAssembly
Native extension for WindowsStandalone target not found
Refreshing native plugins compatible for Editor in 0.43 ms, found 3 plugins.
Preloading 0 native plugins for Editor in 0.00 ms.
Mono: successfully reloaded assembly
- Completed reload, in  1.173 seconds
Platform modules already initialized, skipping
Refreshing native plugins compatible for Editor in 0.44 ms, found 3 plugins.
Preloading 0 native plugins for Editor in 0.00 ms.
Unloading 1386 Unused Serialized files (Serialized files now loaded: 0)
System memory in use before: 68.0 MB.
System memory in use after: 68.1 MB.

Unloading 16 unused Assets to reduce memory usage. Loaded Objects now: 1869.
Total: 2.093100 ms (FindLiveObjects: 0.188600 ms CreateObjectMapping: 0.035900 ms MarkObjects: 1.805900 ms  DeleteObjects: 0.061500 ms)

========================================================================
Received Prepare
Registering precompiled user dll's ...
Registered in 0.006039 seconds.
Begin MonoManager ReloadAssembly
Native extension for WindowsStandalone target not found
Refreshing native plugins compatible for Editor in 0.42 ms, found 3 plugins.
Preloading 0 native plugins for Editor in 0.00 ms.
Mono: successfully reloaded assembly
- Completed reload, in  1.054 seconds
Platform modules already initialized, skipping
Refreshing native plugins compatible for Editor in 0.40 ms, found 3 plugins.
Preloading 0 native plugins for Editor in 0.00 ms.
Unloading 1386 Unused Serialized files (Serialized files now loaded: 0)
System memory in use before: 68.0 MB.
System memory in use after: 68.1 MB.

Unloading 16 unused Assets to reduce memory usage. Loaded Objects now: 1872.
Total: 2.081600 ms (FindLiveObjects: 0.186100 ms CreateObjectMapping: 0.036500 ms MarkObjects: 1.794300 ms  DeleteObjects: 0.063300 ms)

========================================================================
Received Import Request.
  Time since last request: 148.321869 seconds.
  path: Assets/Scenes/SLQL.unity
  artifactKey: Guid(9fc0d4010bbf28b4594072e72b8655ab) Importer(815301076,1909f56bfc062723c751e8b465ee728b)
Start importing Assets/Scenes/SLQL.unity using Guid(9fc0d4010bbf28b4594072e72b8655ab) Importer(815301076,1909f56bfc062723c751e8b465ee728b)  -> (artifact id: 'd7f2d01f50a82c64aa9ac894421b64a4') in 0.014773 seconds
  Import took 0.017316 seconds .

========================================================================
Received Prepare
Registering precompiled user dll's ...
Registered in 0.006695 seconds.
Begin MonoManager ReloadAssembly
Native extension for WindowsStandalone target not found
Refreshing native plugins compatible for Editor in 0.39 ms, found 3 plugins.
Preloading 0 native plugins for Editor in 0.00 ms.
Mono: successfully reloaded assembly
- Completed reload, in  1.126 seconds
Platform modules already initialized, skipping
Refreshing native plugins compatible for Editor in 0.77 ms, found 3 plugins.
Preloading 0 native plugins for Editor in 0.00 ms.
Unloading 1386 Unused Serialized files (Serialized files now loaded: 0)
System memory in use before: 68.0 MB.
System memory in use after: 68.1 MB.

Unloading 16 unused Assets to reduce memory usage. Loaded Objects now: 1875.
Total: 2.530300 ms (FindLiveObjects: 0.332300 ms CreateObjectMapping: 0.072700 ms MarkObjects: 2.056400 ms  DeleteObjects: 0.067400 ms)

AssetImportWorkerClient::OnTransportError - code=2 error=End of file
